 2007-10-23 오후 6:10:58	프로그램 비정상적인 종료 >>
 2007-10-23 오후 6:10:58	프로그램 재시작 >> Program Start
 2007-10-23 오후 6:11:02	프로그램 종료 >> Program End
 2007-10-23 오후 6:11:04	프로그램 시작 >> Program Start
 2007-10-23 오후 6:11:12	프로그램 종료 >> Program End
 2007-10-23 오후 6:11:14	프로그램 시작 >> Program Start
 2007-10-23 오후 6:10:58	프로그램 비정상적인 종료 >>
 2007-10-23 오후 6:10:58	프로그램 재시작 >> Program Start
 2007-10-23 오후 6:11:02	프로그램 종료 >> Program End
 2007-10-23 오후 6:11:04	프로그램 시작 >> Program Start
 2007-10-23 오후 6:11:12	프로그램 종료 >> Program End
 2007-10-23 오후 6:11:14	프로그램 시작 >> Program Start
 2007-10-23 오후 6:11:14	프로그램 비정상적인 종료 >>
 2007-10-23 오후 6:11:14	프로그램 재시작 >> Program Start
 2007-10-23 오후 6:10:58	프로그램 비정상적인 종료 >>
 2007-10-23 오후 6:10:58	프로그램 재시작 >> Program Start
 2007-10-23 오후 6:11:02	프로그램 종료 >> Program End
 2007-10-23 오후 6:11:04	프로그램 시작 >> Program Start
 2007-10-23 오후 6:11:12	프로그램 종료 >> Program End
 2007-10-23 오후 6:11:14	프로그램 시작 >> Program Start
 2007-10-23 오후 6:10:58	프로그램 비정상적인 종료 >>
 2007-10-23 오후 6:10:58	프로그램 재시작 >> Program Start
 2007-10-23 오후 6:11:02	프로그램 종료 >> Program End
 2007-10-23 오후 6:11:04	프로그램 시작 >> Program Start
 2007-10-23 오후 6:11:12	프로그램 종료 >> Program End
 2007-10-23 오후 6:11:14	프로그램 시작 >> Program Start
 2007-10-23 오후 6:11:14	프로그램 비정상적인 종료 >>
 2007-10-23 오후 6:11:14	프로그램 재시작 >> Program Start
 2007-10-23 오후 6:11:15	프로그램 비정상적인 종료 >>
 2007-10-23 오후 6:11:15	프로그램 재시작 >> Program Start
 2007-10-23 오후 6:11:22	프로그램 종료 >> Program End
 2007-10-23 오후 6:11:24	프로그램 시작 >> Program Start
 2007-10-23 오후 6:12:20	프로그램 비정상적인 종료 >>
 2007-10-23 오후 6:12:20	프로그램 재시작 >> Program Start
 2007-10-23 오후 6:12:28	로그인 >>     관리자(고수열)
 2007-10-23 오후 6:24:18	프로그램 비정상적인 종료 >>
 2007-10-23 오후 6:24:18	프로그램 재시작 >> Program Start
 2007-10-23 오후 6:24:21	로그인 >>     관리자(고수열)
 2007-10-23 오후 6:26:34	프로그램 비정상적인 종료 >>
 2007-10-23 오후 6:26:34	프로그램 재시작 >> Program Start
 2007-10-23 오후 6:26:38	로그인 >>     관리자(고수열)
 2007-10-23 오후 6:27:34	사용자관리 > 사용자추가 >>     아이디(kim*), 이름(김나리)
 2007-10-23 오후 6:28:22	사용자관리 > 사용자추가 >>     아이디(kim*), 이름(김윤주)
 2007-10-23 오후 6:31:05	프로그램 비정상적인 종료 >>
 2007-10-23 오후 6:31:05	프로그램 재시작 >> Program Start
 2007-10-23 오후 6:31:10	로그인 >>     관리자(고수열)
 2007-10-23 오후 6:32:22	프로그램 비정상적인 종료 >>
 2007-10-23 오후 6:32:22	프로그램 재시작 >> Program Start
 2007-10-23 오후 6:32:26	로그인 >>     관리자(고수열)
 2007-10-23 오후 6:33:00	사용자관리 > 사용자추가 >>     아이디(cha*), 이름(차지웅)
 2007-10-23 오후 7:07:42	프로그램 비정상적인 종료 >>
 2007-10-23 오후 7:07:42	프로그램 재시작 >> Program Start
 2007-10-23 오후 7:07:47	로그인 >>     관리자(고수열)
 2007-10-23 오후 7:08:35	사용자관리 > 사용자추가 >>     아이디(asd*), 이름(asfasfd)
 2007-10-23 오후 7:09:45	프로그램 비정상적인 종료 >>
 2007-10-23 오후 7:09:45	프로그램 재시작 >> Program Start
 2007-10-23 오후 7:09:54	로그인 >>     관리자(고수열)
 2007-10-23 오후 7:12:32	영업 재시작 >>     영업 시작시간(2007-10-23 오후 5:09:19)
 2007-10-23 오후 11:45:18	프로그램 비정상적인 종료 >>
 2007-10-23 오후 11:45:18	프로그램 재시작 >> Program Start
 2007-10-23 오후 11:45:18	프로그램 종료 >> Program End
 2007-10-23 오후 11:45:25	프로그램 시작 >> Program Start
 2007-10-23 오후 11:45:26	프로그램 종료 >> Program End

