 2007-10-22  12:15:12	 α >>
 2007-10-22  12:15:12	α׷  >> Program End
 2007-10-22  12:15:14	α׷  >> Program Start
 2007-10-22  12:15:42	α׷  >> Program End
 2007-10-22  1:09:56	α׷  >> Program Start
 2007-10-22  1:10:00	α >>     ()
 2007-10-22  1:26:54	α׷   >>
 2007-10-22  1:26:54	α׷  >> Program Start
 2007-10-22  1:39:40	α׷   >>
 2007-10-22  1:39:40	α׷  >> Program Start
 2007-10-22  1:39:41	α׷  >> Program End
 2007-10-22  1:41:28	α׷  >> Program Start
 2007-10-22  1:41:32	α >>     ()
 2007-10-22  1:45:03	α׷   >>
 2007-10-22  1:45:03	α׷  >> Program Start
 2007-10-22  1:45:07	α >>     ()
 2007-10-22  1:46:05	  >>      ۽ð(2007-10-22  1:46:05)
 2007-10-22  1:46:19	 >>     ڵ(106), (0 \), (2007-10-22  1:46:05), ð(2007-10-22  1:46:19)
 2007-10-22  1:46:31	α׾ƿ >>     ()
 2007-10-22  1:46:37	α׷  >> Program End
 2007-10-22  1:58:18	α׷  >> Program Start
 2007-10-22  1:58:23	α >>     ()
 2007-10-22  2:00:02	α׷   >>
 2007-10-22  2:00:02	α׷  >> Program Start
 2007-10-22  2:00:08	α >>     ()
 2007-10-22  2:01:14	α׾ƿ >>     ()
 2007-10-22  2:01:35	α׷  >> Program End
 2007-10-22  8:59:54	α׷  >> Program Start
 2007-10-22  9:00:02	α >>     ()
 2007-10-22  9:00:07	  >>      ۽ð(2007-10-22  9:00:07)
 2007-10-22  9:00:11	 >>     ڵ(107), (0 \), (2007-10-22  9:00:07), ð(2007-10-22  9:00:11)
 2007-10-22  9:00:24	α׾ƿ >>     ()
 2007-10-22  9:00:26	α׷  >> Program End
 2007-10-22  9:03:53	α׷  >> Program Start
 2007-10-22  9:14:54	α׷   >>
 2007-10-22  9:14:54	α׷  >> Program Start
 2007-10-22  9:15:37	α׷   >>
 2007-10-22  9:15:37	α׷  >> Program Start
 2007-10-22  9:16:48	α׷   >>
 2007-10-22  9:16:48	α׷  >> Program Start
 2007-10-22  9:17:57	α׷   >>
 2007-10-22  9:17:57	α׷  >> Program Start
 2007-10-22  9:18:56	α׷   >>
 2007-10-22  9:18:56	α׷  >> Program Start
 2007-10-22  9:19:59	α >>     ()
 2007-10-22  9:20:03	α׷  >> Program End
 2007-10-22  2:21:06	α׷  >> Program Start
 2007-10-22  2:21:16	α >>     ()
 2007-10-22  2:22:40	α׷   >>
 2007-10-22  2:22:40	α׷  >> Program Start
 2007-10-22  2:22:44	α >>     ()
 2007-10-22  2:23:47	α׷   >>
 2007-10-22  2:23:47	α׷  >> Program Start
 2007-10-22  2:23:51	α >>     ()
 2007-10-22  2:23:55	  >>      ۽ð(2007-10-22  2:23:55)
 2007-10-22  2:24:07	 >>     ڵ(108), (0 \), (2007-10-22  2:23:55), ð(2007-10-22  2:24:07)
 2007-10-22  2:47:24	α׷   >>
 2007-10-22  2:47:24	α׷  >> Program Start
 2007-10-22  2:47:29	α >>     ()
 2007-10-22  2:51:02	  >>      ۽ð(2007-10-22  2:51:02)
 2007-10-22  2:51:12	α׾ƿ >>     ()
 2007-10-22  2:51:19	α >>     ()
 2007-10-22  4:25:11	α׷   >>
 2007-10-22  4:25:11	α׷  >> Program Start
 2007-10-22  4:25:16	α >>     ()
 2007-10-22  4:25:24	  >>      ۽ð(2007-10-22  2:51:02)
 2007-10-22  4:25:29	 >>     ڵ(109), (0 \), (2007-10-22  2:51:02), ð(2007-10-22  4:25:29)
 2007-10-22  4:25:54	α׷   >>
 2007-10-22  4:25:54	α׷  >> Program Start
 2007-10-22  4:25:57	α >>     Ϲ(׽Ʈ)
 2007-10-22  4:26:00	  >>      ۽ð(2007-10-22  4:26:00)
 2007-10-22  4:26:10	 >>     ڵ(110), (0 \), (2007-10-22  4:26:00), ð(2007-10-22  4:26:10)
 2007-10-22  4:26:19	α׾ƿ >>     Ϲ(׽Ʈ)
 2007-10-22  6:08:37	α׷   >>
 2007-10-22  6:08:37	α׷  >> Program Start
 2007-10-22  6:08:42	α >>     ()
 2007-10-22  6:08:46	  >>      ۽ð(2007-10-22  6:08:46)
 2007-10-22  6:12:54	 >>     ڵ(111), (0 \), (2007-10-22  6:08:46), ð(2007-10-22  6:12:54)
 2007-10-22  6:33:38	α׷   >>
 2007-10-22  6:33:38	α׷  >> Program Start
 2007-10-22  6:35:51	α >>     ()
 2007-10-22  6:35:55	  >>      ۽ð(2007-10-22  6:35:55)
 2007-10-22  6:39:59	α׷   >>
 2007-10-22  6:39:59	α׷  >> Program Start
 2007-10-22  6:40:59	α׷   >>
 2007-10-22  6:40:59	α׷  >> Program Start
 2007-10-22  6:44:20	α׷   >>
 2007-10-22  6:44:20	α׷  >> Program Start
 2007-10-22  6:44:59	α >>     ()
 2007-10-22  6:46:09	α׷   >>
 2007-10-22  6:46:09	α׷  >> Program Start
 2007-10-22  6:46:13	α >>     ()
 2007-10-22  6:48:55	ǰ԰ >>     ǰ(), (5 EA), ŷ(2500 \)
 2007-10-22  6:50:27	  >>      ۽ð(2007-10-22  6:35:55)
 2007-10-22  6:51:05	α׷   >>
 2007-10-22  6:51:05	α׷  >> Program Start
 2007-10-22  6:51:09	α >>     ()
 2007-10-22  6:51:11	  >>      ۽ð(2007-10-22  6:35:55)
 2007-10-22  6:51:49	α׷   >>
 2007-10-22  6:51:49	α׷  >> Program Start
 2007-10-22  6:51:54	α >>     ()
 2007-10-22  6:51:56	  >>      ۽ð(2007-10-22  6:35:55)
 2007-10-22  6:52:13	ǰǸ >>     ȣ(332), ǰ(), (5 EA), ŷ(2500 \)
 2007-10-22  6:56:33	α׷   >>
 2007-10-22  6:56:33	α׷  >> Program Start
 2007-10-22  10:23:14	α׷   >>
 2007-10-22  10:23:14	α׷  >> Program Start
 2007-10-22  10:23:22	α >>     Ϲ()
 2007-10-22  10:23:27	  >>      ۽ð(2007-10-22  6:35:55)
 2007-10-22  10:23:43	α׾ƿ >>     Ϲ()
 2007-10-22  10:23:48	α >>     Ϲ()
 2007-10-22  10:23:55	α׾ƿ >>     Ϲ()
 2007-10-22  10:24:02	α >>     ()
 2007-10-22  10:24:26	α׾ƿ >>     ()
 2007-10-22  10:24:32	α >>     ()
 2007-10-22  10:27:14	α׷   >>
 2007-10-22  10:27:14	α׷  >> Program Start
 2007-10-22  10:27:21	α >>     ()
 2007-10-22  10:28:04	α׷   >>
 2007-10-22  10:28:04	α׷  >> Program Start
 2007-10-22  10:28:12	α >>     ()
 2007-10-22  10:29:39	α׷   >>
 2007-10-22  10:29:39	α׷  >> Program Start
 2007-10-22  10:29:46	α >>     ()
 2007-10-22  10:30:47	α׷   >>
 2007-10-22  10:30:47	α׷  >> Program Start
 2007-10-22  10:30:53	α >>     ()
 2007-10-22  10:31:26	  >>      ۽ð(2007-10-22  6:35:55)
 2007-10-22  10:37:10	α׷   >>
 2007-10-22  10:37:10	α׷  >> Program Start
 2007-10-22  10:37:34	α >>     Ϲ()
 2007-10-22  10:38:21	α׾ƿ >>     Ϲ()
 2007-10-22  10:38:29	α >>     Ϲ()
 2007-10-22  10:38:31	α׾ƿ >>     Ϲ()
 2007-10-22  10:38:53	α >>     Ϲ()
 2007-10-22  10:39:14	α׷   >>
 2007-10-22  10:39:14	α׷  >> Program Start
 2007-10-22  10:39:40	α׷   >>
 2007-10-22  10:39:40	α׷  >> Program Start
 2007-10-22  10:39:43	α >>     ()
 2007-10-22  10:43:09	α׷   >>
 2007-10-22  10:43:09	α׷  >> Program Start
 2007-10-22  10:43:33	α׷  >> Program End
 2007-10-22  10:45:37	α׷  >> Program Start
 2007-10-22  10:45:42	α >>     ()
 2007-10-22  10:45:47	  >>      ۽ð(2007-10-22  10:45:47)
 2007-10-22  10:46:06	ǰǸ >>     ȣ(338), ǰ(), (10 EA), ŷ(6000 \)
 2007-10-22  10:46:25	ǰȯ >>     ȣ(158), ð( 10:46:06), ǰ(), ŷ(6000 \)
 2007-10-22  10:46:47	α׷   >>
 2007-10-22  10:46:47	α׷  >> Program Start
 2007-10-22  10:46:56	α >>     ()
 2007-10-22  10:46:59	  >>      ۽ð(2007-10-22  10:45:47)
 2007-10-22  10:53:40	α׷   >>
 2007-10-22  10:53:40	α׷  >> Program Start
 2007-10-22  10:53:44	α >>     ()
 2007-10-22  10:53:47	  >>      ۽ð(2007-10-22  10:45:47)
 2007-10-22  10:54:08	α׷   >>
 2007-10-22  10:54:08	α׷  >> Program Start
 2007-10-22  10:54:12	α >>     ()
 2007-10-22  10:54:17	  >>      ۽ð(2007-10-22  10:45:47)
 2007-10-22  10:54:48	ǰ԰ >>     ǰ(), (4 EA), ŷ(2000 \)
 2007-10-22  10:54:52	ǰ԰ >>     ǰ(˻쯅), (4 EA), ŷ(2800 \)
 2007-10-22  10:55:22	α׷   >>
 2007-10-22  10:55:22	α׷  >> Program Start
 2007-10-22  10:55:26	α >>     ()
 2007-10-22  10:55:29	  >>      ۽ð(2007-10-22  10:45:47)
 2007-10-22  10:55:40	α׷   >>
 2007-10-22  10:55:40	α׷  >> Program Start
 2007-10-22  10:55:46	α >>     ()
 2007-10-22  10:55:50	  >>      ۽ð(2007-10-22  10:45:47)
 2007-10-22  10:56:00	α׷  >> Program End
 2007-10-22  10:56:02	α׷  >> Program Start
 2007-10-22  10:57:38	α׷   >>
 2007-10-22  10:57:38	α׷  >> Program Start
 2007-10-22  10:57:39	α׷  >> Program End
 2007-10-22  10:57:41	α׷  >> Program Start
 2007-10-22  10:59:46	α׷   >>
 2007-10-22  10:59:46	α׷  >> Program Start
 2007-10-22  11:00:04	α׷   >>
 2007-10-22  11:00:04	α׷  >> Program Start
 2007-10-22  11:01:24	α׷   >>
 2007-10-22  11:01:24	α׷  >> Program Start
 2007-10-22  11:01:33	α׷   >>
 2007-10-22  11:01:33	α׷  >> Program Start
 2007-10-22  11:01:40	α׷   >>
 2007-10-22  11:01:40	α׷  >> Program Start
 2007-10-22  11:01:47	α׷   >>
 2007-10-22  11:01:47	α׷  >> Program Start
 2007-10-22  11:02:07	α׷   >>
 2007-10-22  11:02:07	α׷  >> Program Start
 2007-10-22  11:02:13	α׷   >>
 2007-10-22  11:02:13	α׷  >> Program Start
 2007-10-22  11:02:21	α׷   >>
 2007-10-22  11:02:21	α׷  >> Program Start
 2007-10-22  11:02:33	α׷   >>
 2007-10-22  11:02:33	α׷  >> Program Start
 2007-10-22  11:02:41	α׷   >>
 2007-10-22  11:02:41	α׷  >> Program Start
 2007-10-22  11:02:50	α׷   >>
 2007-10-22  11:02:50	α׷  >> Program Start
 2007-10-22  11:02:54	α׷   >>
 2007-10-22  11:02:54	α׷  >> Program Start
 2007-10-22  11:03:11	α׷   >>
 2007-10-22  11:03:11	α׷  >> Program Start
 2007-10-22  11:03:16	α׷   >>
 2007-10-22  11:03:16	α׷  >> Program Start
 2007-10-22  11:07:39	α׷   >>
 2007-10-22  11:07:39	α׷  >> Program Start
 2007-10-22  11:07:47	α >>     ()
 2007-10-22  11:07:50	  >>      ۽ð(2007-10-22  10:45:47)
 2007-10-22  11:24:00	α׷   >>
 2007-10-22  11:24:00	α׷  >> Program Start
 2007-10-22  11:24:04	α >>     ()
 2007-10-22  11:26:08	α׷   >>
 2007-10-22  11:26:08	α׷  >> Program Start
 2007-10-22  11:26:13	α >>     ()
 2007-10-22  11:29:49	α׷   >>
 2007-10-22  11:29:49	α׷  >> Program Start
 2007-10-22  11:29:54	α >>     ()

